<?xml version="1.0" encoding="UTF-8"?>
<testsuite xmlns:xsi="http://www.w3.org/2001/XMLSchema-instance" xsi:noNamespaceSchemaLocation="https://maven.apache.org/surefire/maven-surefire-plugin/xsd/surefire-test-report-3.0.xsd" version="3.0" name="com.example.order_management_system.service.CustomerServiceIntegrationTest" time="2.458" tests="3" errors="0" skipped="0" failures="0">
  <properties>
    <property name="java.specification.version" value="21"/>
    <property name="sun.cpu.isalist" value="amd64"/>
    <property name="sun.jnu.encoding" value="Cp1251"/>
    <property name="java.class.path" value="C:\Users\dead1\IdeaProjects\online_store\store\target\test-classes;C:\Users\dead1\IdeaProjects\online_store\store\target\classes;C:\Users\dead1\.m2\repository\org\springframework\boot\spring-boot-starter-data-jpa\3.3.4\spring-boot-starter-data-jpa-3.3.4.jar;C:\Users\dead1\.m2\repository\org\springframework\boot\spring-boot-starter-aop\3.3.4\spring-boot-starter-aop-3.3.4.jar;C:\Users\dead1\.m2\repository\org\springframework\spring-aop\6.1.13\spring-aop-6.1.13.jar;C:\Users\dead1\.m2\repository\org\aspectj\aspectjweaver\1.9.22.1\aspectjweaver-1.9.22.1.jar;C:\Users\dead1\.m2\repository\org\springframework\boot\spring-boot-starter-jdbc\3.3.4\spring-boot-starter-jdbc-3.3.4.jar;C:\Users\dead1\.m2\repository\com\zaxxer\HikariCP\5.1.0\HikariCP-5.1.0.jar;C:\Users\dead1\.m2\repository\org\springframework\spring-jdbc\6.1.13\spring-jdbc-6.1.13.jar;C:\Users\dead1\.m2\repository\org\hibernate\orm\hibernate-core\6.5.3.Final\hibernate-core-6.5.3.Final.jar;C:\Users\dead1\.m2\repository\jakarta\persistence\jakarta.persistence-api\3.1.0\jakarta.persistence-api-3.1.0.jar;C:\Users\dead1\.m2\repository\jakarta\transaction\jakarta.transaction-api\2.0.1\jakarta.transaction-api-2.0.1.jar;C:\Users\dead1\.m2\repository\org\jboss\logging\jboss-logging\3.5.3.Final\jboss-logging-3.5.3.Final.jar;C:\Users\dead1\.m2\repository\org\hibernate\common\hibernate-commons-annotations\6.0.6.Final\hibernate-commons-annotations-6.0.6.Final.jar;C:\Users\dead1\.m2\repository\io\smallrye\jandex\3.1.2\jandex-3.1.2.jar;C:\Users\dead1\.m2\repository\com\fasterxml\classmate\1.7.0\classmate-1.7.0.jar;C:\Users\dead1\.m2\repository\net\bytebuddy\byte-buddy\1.14.19\byte-buddy-1.14.19.jar;C:\Users\dead1\.m2\repository\org\glassfish\jaxb\jaxb-runtime\4.0.5\jaxb-runtime-4.0.5.jar;C:\Users\dead1\.m2\repository\org\glassfish\jaxb\jaxb-core\4.0.5\jaxb-core-4.0.5.jar;C:\Users\dead1\.m2\repository\org\eclipse\angus\angus-activation\2.0.2\angus-activation-2.0.2.jar;C:\Users\dead1\.m2\repository\org\glassfish\jaxb\txw2\4.0.5\txw2-4.0.5.jar;C:\Users\dead1\.m2\repository\com\sun\istack\istack-commons-runtime\4.1.2\istack-commons-runtime-4.1.2.jar;C:\Users\dead1\.m2\repository\jakarta\inject\jakarta.inject-api\2.0.1\jakarta.inject-api-2.0.1.jar;C:\Users\dead1\.m2\repository\org\antlr\antlr4-runtime\4.13.0\antlr4-runtime-4.13.0.jar;C:\Users\dead1\.m2\repository\org\springframework\data\spring-data-jpa\3.3.4\spring-data-jpa-3.3.4.jar;C:\Users\dead1\.m2\repository\org\springframework\data\spring-data-commons\3.3.4\spring-data-commons-3.3.4.jar;C:\Users\dead1\.m2\repository\org\springframework\spring-orm\6.1.13\spring-orm-6.1.13.jar;C:\Users\dead1\.m2\repository\org\springframework\spring-beans\6.1.13\spring-beans-6.1.13.jar;C:\Users\dead1\.m2\repository\jakarta\annotation\jakarta.annotation-api\2.1.1\jakarta.annotation-api-2.1.1.jar;C:\Users\dead1\.m2\repository\org\slf4j\slf4j-api\2.0.16\slf4j-api-2.0.16.jar;C:\Users\dead1\.m2\repository\org\springframework\spring-aspects\6.1.13\spring-aspects-6.1.13.jar;C:\Users\dead1\.m2\repository\org\springframework\boot\spring-boot-starter-validation\3.3.4\spring-boot-starter-validation-3.3.4.jar;C:\Users\dead1\.m2\repository\org\springframework\boot\spring-boot-starter\3.3.4\spring-boot-starter-3.3.4.jar;C:\Users\dead1\.m2\repository\org\springframework\boot\spring-boot-starter-logging\3.3.4\spring-boot-starter-logging-3.3.4.jar;C:\Users\dead1\.m2\repository\org\apache\logging\log4j\log4j-to-slf4j\2.23.1\log4j-to-slf4j-2.23.1.jar;C:\Users\dead1\.m2\repository\org\apache\logging\log4j\log4j-api\2.23.1\log4j-api-2.23.1.jar;C:\Users\dead1\.m2\repository\org\slf4j\jul-to-slf4j\2.0.16\jul-to-slf4j-2.0.16.jar;C:\Users\dead1\.m2\repository\org\apache\tomcat\embed\tomcat-embed-el\10.1.30\tomcat-embed-el-10.1.30.jar;C:\Users\dead1\.m2\repository\org\hibernate\validator\hibernate-validator\8.0.1.Final\hibernate-validator-8.0.1.Final.jar;C:\Users\dead1\.m2\repository\jakarta\validation\jakarta.validation-api\3.0.2\jakarta.validation-api-3.0.2.jar;C:\Users\dead1\.m2\repository\org\springframework\boot\spring-boot-starter-web\3.3.4\spring-boot-starter-web-3.3.4.jar;C:\Users\dead1\.m2\repository\org\springframework\boot\spring-boot-starter-json\3.3.4\spring-boot-starter-json-3.3.4.jar;C:\Users\dead1\.m2\repository\com\fasterxml\jackson\core\jackson-databind\2.17.2\jackson-databind-2.17.2.jar;C:\Users\dead1\.m2\repository\com\fasterxml\jackson\core\jackson-annotations\2.17.2\jackson-annotations-2.17.2.jar;C:\Users\dead1\.m2\repository\com\fasterxml\jackson\core\jackson-core\2.17.2\jackson-core-2.17.2.jar;C:\Users\dead1\.m2\repository\com\fasterxml\jackson\datatype\jackson-datatype-jdk8\2.17.2\jackson-datatype-jdk8-2.17.2.jar;C:\Users\dead1\.m2\repository\com\fasterxml\jackson\datatype\jackson-datatype-jsr310\2.17.2\jackson-datatype-jsr310-2.17.2.jar;C:\Users\dead1\.m2\repository\com\fasterxml\jackson\module\jackson-module-parameter-names\2.17.2\jackson-module-parameter-names-2.17.2.jar;C:\Users\dead1\.m2\repository\org\springframework\boot\spring-boot-starter-tomcat\3.3.4\spring-boot-starter-tomcat-3.3.4.jar;C:\Users\dead1\.m2\repository\org\apache\tomcat\embed\tomcat-embed-core\10.1.30\tomcat-embed-core-10.1.30.jar;C:\Users\dead1\.m2\repository\org\apache\tomcat\embed\tomcat-embed-websocket\10.1.30\tomcat-embed-websocket-10.1.30.jar;C:\Users\dead1\.m2\repository\org\springframework\spring-web\6.1.13\spring-web-6.1.13.jar;C:\Users\dead1\.m2\repository\org\springframework\spring-webmvc\6.1.13\spring-webmvc-6.1.13.jar;C:\Users\dead1\.m2\repository\org\springframework\spring-expression\6.1.13\spring-expression-6.1.13.jar;C:\Users\dead1\.m2\repository\org\springframework\kafka\spring-kafka\3.2.4\spring-kafka-3.2.4.jar;C:\Users\dead1\.m2\repository\org\springframework\spring-context\6.1.13\spring-context-6.1.13.jar;C:\Users\dead1\.m2\repository\org\springframework\spring-messaging\6.1.13\spring-messaging-6.1.13.jar;C:\Users\dead1\.m2\repository\org\springframework\spring-tx\6.1.13\spring-tx-6.1.13.jar;C:\Users\dead1\.m2\repository\org\springframework\retry\spring-retry\2.0.9\spring-retry-2.0.9.jar;C:\Users\dead1\.m2\repository\org\apache\kafka\kafka-clients\3.7.1\kafka-clients-3.7.1.jar;C:\Users\dead1\.m2\repository\com\github\luben\zstd-jni\1.5.6-3\zstd-jni-1.5.6-3.jar;C:\Users\dead1\.m2\repository\org\lz4\lz4-java\1.8.0\lz4-java-1.8.0.jar;C:\Users\dead1\.m2\repository\org\xerial\snappy\snappy-java\1.1.10.5\snappy-java-1.1.10.5.jar;C:\Users\dead1\.m2\repository\io\micrometer\micrometer-observation\1.13.4\micrometer-observation-1.13.4.jar;C:\Users\dead1\.m2\repository\io\micrometer\micrometer-commons\1.13.4\micrometer-commons-1.13.4.jar;C:\Users\dead1\.m2\repository\org\postgresql\postgresql\42.7.4\postgresql-42.7.4.jar;C:\Users\dead1\.m2\repository\org\checkerframework\checker-qual\3.42.0\checker-qual-3.42.0.jar;C:\Users\dead1\.m2\repository\org\liquibase\liquibase-core\4.27.0\liquibase-core-4.27.0.jar;C:\Users\dead1\.m2\repository\com\opencsv\opencsv\5.9\opencsv-5.9.jar;C:\Users\dead1\.m2\repository\org\apache\commons\commons-text\1.11.0\commons-text-1.11.0.jar;C:\Users\dead1\.m2\repository\org\apache\commons\commons-collections4\4.4\commons-collections4-4.4.jar;C:\Users\dead1\.m2\repository\org\yaml\snakeyaml\2.2\snakeyaml-2.2.jar;C:\Users\dead1\.m2\repository\javax\xml\bind\jaxb-api\2.3.1\jaxb-api-2.3.1.jar;C:\Users\dead1\.m2\repository\org\apache\commons\commons-lang3\3.14.0\commons-lang3-3.14.0.jar;C:\Users\dead1\.m2\repository\org\projectlombok\lombok\1.18.34\lombok-1.18.34.jar;C:\Users\dead1\.m2\repository\org\springframework\boot\spring-boot-starter-test\3.3.4\spring-boot-starter-test-3.3.4.jar;C:\Users\dead1\.m2\repository\org\springframework\boot\spring-boot-test\3.3.4\spring-boot-test-3.3.4.jar;C:\Users\dead1\.m2\repository\org\springframework\boot\spring-boot-test-autoconfigure\3.3.4\spring-boot-test-autoconfigure-3.3.4.jar;C:\Users\dead1\.m2\repository\com\jayway\jsonpath\json-path\2.9.0\json-path-2.9.0.jar;C:\Users\dead1\.m2\repository\jakarta\xml\bind\jakarta.xml.bind-api\4.0.2\jakarta.xml.bind-api-4.0.2.jar;C:\Users\dead1\.m2\repository\jakarta\activation\jakarta.activation-api\2.1.3\jakarta.activation-api-2.1.3.jar;C:\Users\dead1\.m2\repository\net\minidev\json-smart\2.5.1\json-smart-2.5.1.jar;C:\Users\dead1\.m2\repository\net\minidev\accessors-smart\2.5.1\accessors-smart-2.5.1.jar;C:\Users\dead1\.m2\repository\org\ow2\asm\asm\9.6\asm-9.6.jar;C:\Users\dead1\.m2\repository\org\assertj\assertj-core\3.25.3\assertj-core-3.25.3.jar;C:\Users\dead1\.m2\repository\org\awaitility\awaitility\4.2.2\awaitility-4.2.2.jar;C:\Users\dead1\.m2\repository\org\hamcrest\hamcrest\2.2\hamcrest-2.2.jar;C:\Users\dead1\.m2\repository\org\junit\jupiter\junit-jupiter\5.10.3\junit-jupiter-5.10.3.jar;C:\Users\dead1\.m2\repository\org\junit\jupiter\junit-jupiter-params\5.10.3\junit-jupiter-params-5.10.3.jar;C:\Users\dead1\.m2\repository\org\junit\jupiter\junit-jupiter-engine\5.10.3\junit-jupiter-engine-5.10.3.jar;C:\Users\dead1\.m2\repository\org\mockito\mockito-core\5.11.0\mockito-core-5.11.0.jar;C:\Users\dead1\.m2\repository\net\bytebuddy\byte-buddy-agent\1.14.19\byte-buddy-agent-1.14.19.jar;C:\Users\dead1\.m2\repository\org\objenesis\objenesis\3.3\objenesis-3.3.jar;C:\Users\dead1\.m2\repository\org\mockito\mockito-junit-jupiter\5.11.0\mockito-junit-jupiter-5.11.0.jar;C:\Users\dead1\.m2\repository\org\skyscreamer\jsonassert\1.5.3\jsonassert-1.5.3.jar;C:\Users\dead1\.m2\repository\com\vaadin\external\google\android-json\0.0.20131108.vaadin1\android-json-0.0.20131108.vaadin1.jar;C:\Users\dead1\.m2\repository\org\springframework\spring-core\6.1.13\spring-core-6.1.13.jar;C:\Users\dead1\.m2\repository\org\springframework\spring-jcl\6.1.13\spring-jcl-6.1.13.jar;C:\Users\dead1\.m2\repository\org\springframework\spring-test\6.1.13\spring-test-6.1.13.jar;C:\Users\dead1\.m2\repository\org\xmlunit\xmlunit-core\2.9.1\xmlunit-core-2.9.1.jar;C:\Users\dead1\.m2\repository\org\springframework\kafka\spring-kafka-test\3.2.4\spring-kafka-test-3.2.4.jar;C:\Users\dead1\.m2\repository\org\apache\zookeeper\zookeeper\3.8.4\zookeeper-3.8.4.jar;C:\Users\dead1\.m2\repository\org\apache\zookeeper\zookeeper-jute\3.8.4\zookeeper-jute-3.8.4.jar;C:\Users\dead1\.m2\repository\org\apache\yetus\audience-annotations\0.12.0\audience-annotations-0.12.0.jar;C:\Users\dead1\.m2\repository\io\netty\netty-handler\4.1.113.Final\netty-handler-4.1.113.Final.jar;C:\Users\dead1\.m2\repository\io\netty\netty-common\4.1.113.Final\netty-common-4.1.113.Final.jar;C:\Users\dead1\.m2\repository\io\netty\netty-resolver\4.1.113.Final\netty-resolver-4.1.113.Final.jar;C:\Users\dead1\.m2\repository\io\netty\netty-buffer\4.1.113.Final\netty-buffer-4.1.113.Final.jar;C:\Users\dead1\.m2\repository\io\netty\netty-transport\4.1.113.Final\netty-transport-4.1.113.Final.jar;C:\Users\dead1\.m2\repository\io\netty\netty-transport-native-unix-common\4.1.113.Final\netty-transport-native-unix-common-4.1.113.Final.jar;C:\Users\dead1\.m2\repository\io\netty\netty-codec\4.1.113.Final\netty-codec-4.1.113.Final.jar;C:\Users\dead1\.m2\repository\io\netty\netty-transport-native-epoll\4.1.113.Final\netty-transport-native-epoll-4.1.113.Final.jar;C:\Users\dead1\.m2\repository\io\netty\netty-transport-classes-epoll\4.1.113.Final\netty-transport-classes-epoll-4.1.113.Final.jar;C:\Users\dead1\.m2\repository\ch\qos\logback\logback-core\1.5.8\logback-core-1.5.8.jar;C:\Users\dead1\.m2\repository\ch\qos\logback\logback-classic\1.5.8\logback-classic-1.5.8.jar;C:\Users\dead1\.m2\repository\commons-io\commons-io\2.11.0\commons-io-2.11.0.jar;C:\Users\dead1\.m2\repository\org\apache\kafka\kafka-clients\3.7.1\kafka-clients-3.7.1-test.jar;C:\Users\dead1\.m2\repository\org\apache\kafka\kafka-metadata\3.7.1\kafka-metadata-3.7.1.jar;C:\Users\dead1\.m2\repository\org\apache\kafka\kafka-raft\3.7.1\kafka-raft-3.7.1.jar;C:\Users\dead1\.m2\repository\com\yammer\metrics\metrics-core\2.2.0\metrics-core-2.2.0.jar;C:\Users\dead1\.m2\repository\org\apache\kafka\kafka-server-common\3.7.1\kafka-server-common-3.7.1.jar;C:\Users\dead1\.m2\repository\net\sf\jopt-simple\jopt-simple\5.0.4\jopt-simple-5.0.4.jar;C:\Users\dead1\.m2\repository\org\pcollections\pcollections\4.0.1\pcollections-4.0.1.jar;C:\Users\dead1\.m2\repository\org\apache\kafka\kafka-server-common\3.7.1\kafka-server-common-3.7.1-test.jar;C:\Users\dead1\.m2\repository\org\apache\kafka\kafka-streams-test-utils\3.7.1\kafka-streams-test-utils-3.7.1.jar;C:\Users\dead1\.m2\repository\org\apache\kafka\kafka-streams\3.7.1\kafka-streams-3.7.1.jar;C:\Users\dead1\.m2\repository\org\rocksdb\rocksdbjni\7.9.2\rocksdbjni-7.9.2.jar;C:\Users\dead1\.m2\repository\org\apache\kafka\kafka_2.13\3.7.1\kafka_2.13-3.7.1.jar;C:\Users\dead1\.m2\repository\org\scala-lang\scala-library\2.13.12\scala-library-2.13.12.jar;C:\Users\dead1\.m2\repository\org\apache\kafka\kafka-group-coordinator\3.7.1\kafka-group-coordinator-3.7.1.jar;C:\Users\dead1\.m2\repository\org\apache\kafka\kafka-storage-api\3.7.1\kafka-storage-api-3.7.1.jar;C:\Users\dead1\.m2\repository\org\apache\kafka\kafka-tools-api\3.7.1\kafka-tools-api-3.7.1.jar;C:\Users\dead1\.m2\repository\org\apache\kafka\kafka-storage\3.7.1\kafka-storage-3.7.1.jar;C:\Users\dead1\.m2\repository\com\github\ben-manes\caffeine\caffeine\3.1.8\caffeine-3.1.8.jar;C:\Users\dead1\.m2\repository\com\google\errorprone\error_prone_annotations\2.21.1\error_prone_annotations-2.21.1.jar;C:\Users\dead1\.m2\repository\org\apache\kafka\kafka-server\3.7.1\kafka-server-3.7.1.jar;C:\Users\dead1\.m2\repository\net\sourceforge\argparse4j\argparse4j\0.7.0\argparse4j-0.7.0.jar;C:\Users\dead1\.m2\repository\commons-validator\commons-validator\1.7\commons-validator-1.7.jar;C:\Users\dead1\.m2\repository\commons-beanutils\commons-beanutils\1.9.4\commons-beanutils-1.9.4.jar;C:\Users\dead1\.m2\repository\commons-digester\commons-digester\2.1\commons-digester-2.1.jar;C:\Users\dead1\.m2\repository\commons-collections\commons-collections\3.2.2\commons-collections-3.2.2.jar;C:\Users\dead1\.m2\repository\com\fasterxml\jackson\module\jackson-module-scala_2.13\2.17.2\jackson-module-scala_2.13-2.17.2.jar;C:\Users\dead1\.m2\repository\com\thoughtworks\paranamer\paranamer\2.8\paranamer-2.8.jar;C:\Users\dead1\.m2\repository\com\fasterxml\jackson\dataformat\jackson-dataformat-csv\2.17.2\jackson-dataformat-csv-2.17.2.jar;C:\Users\dead1\.m2\repository\org\bitbucket\b_c\jose4j\0.9.4\jose4j-0.9.4.jar;C:\Users\dead1\.m2\repository\org\scala-lang\modules\scala-collection-compat_2.13\2.10.0\scala-collection-compat_2.13-2.10.0.jar;C:\Users\dead1\.m2\repository\org\scala-lang\modules\scala-java8-compat_2.13\1.0.2\scala-java8-compat_2.13-1.0.2.jar;C:\Users\dead1\.m2\repository\org\scala-lang\scala-reflect\2.13.12\scala-reflect-2.13.12.jar;C:\Users\dead1\.m2\repository\com\typesafe\scala-logging\scala-logging_2.13\3.9.4\scala-logging_2.13-3.9.4.jar;C:\Users\dead1\.m2\repository\io\dropwizard\metrics\metrics-core\4.1.12.1\metrics-core-4.1.12.1.jar;C:\Users\dead1\.m2\repository\commons-cli\commons-cli\1.4\commons-cli-1.4.jar;C:\Users\dead1\.m2\repository\org\apache\kafka\kafka_2.13\3.7.1\kafka_2.13-3.7.1-test.jar;C:\Users\dead1\.m2\repository\org\junit\jupiter\junit-jupiter-api\5.10.3\junit-jupiter-api-5.10.3.jar;C:\Users\dead1\.m2\repository\org\opentest4j\opentest4j\1.3.0\opentest4j-1.3.0.jar;C:\Users\dead1\.m2\repository\org\junit\platform\junit-platform-commons\1.10.3\junit-platform-commons-1.10.3.jar;C:\Users\dead1\.m2\repository\org\apiguardian\apiguardian-api\1.1.2\apiguardian-api-1.1.2.jar;C:\Users\dead1\.m2\repository\org\junit\platform\junit-platform-launcher\1.10.3\junit-platform-launcher-1.10.3.jar;C:\Users\dead1\.m2\repository\org\junit\platform\junit-platform-engine\1.10.3\junit-platform-engine-1.10.3.jar;C:\Users\dead1\.m2\repository\org\springframework\boot\spring-boot-devtools\3.3.4\spring-boot-devtools-3.3.4.jar;C:\Users\dead1\.m2\repository\org\springframework\boot\spring-boot\3.3.4\spring-boot-3.3.4.jar;C:\Users\dead1\.m2\repository\org\springframework\boot\spring-boot-autoconfigure\3.3.4\spring-boot-autoconfigure-3.3.4.jar;C:\Users\dead1\.m2\repository\org\testcontainers\junit-jupiter\1.19.8\junit-jupiter-1.19.8.jar;C:\Users\dead1\.m2\repository\org\testcontainers\testcontainers\1.19.8\testcontainers-1.19.8.jar;C:\Users\dead1\.m2\repository\junit\junit\4.13.2\junit-4.13.2.jar;C:\Users\dead1\.m2\repository\org\hamcrest\hamcrest-core\2.2\hamcrest-core-2.2.jar;C:\Users\dead1\.m2\repository\org\apache\commons\commons-compress\1.24.0\commons-compress-1.24.0.jar;C:\Users\dead1\.m2\repository\org\rnorth\duct-tape\duct-tape\1.0.8\duct-tape-1.0.8.jar;C:\Users\dead1\.m2\repository\org\jetbrains\annotations\17.0.0\annotations-17.0.0.jar;C:\Users\dead1\.m2\repository\com\github\docker-java\docker-java-api\3.3.6\docker-java-api-3.3.6.jar;C:\Users\dead1\.m2\repository\com\github\docker-java\docker-java-transport-zerodep\3.3.6\docker-java-transport-zerodep-3.3.6.jar;C:\Users\dead1\.m2\repository\com\github\docker-java\docker-java-transport\3.3.6\docker-java-transport-3.3.6.jar;C:\Users\dead1\.m2\repository\net\java\dev\jna\jna\5.13.0\jna-5.13.0.jar;C:\Users\dead1\.m2\repository\org\springframework\boot\spring-boot-testcontainers\3.3.4\spring-boot-testcontainers-3.3.4.jar;C:\Users\dead1\.m2\repository\org\testcontainers\postgresql\1.19.8\postgresql-1.19.8.jar;C:\Users\dead1\.m2\repository\org\testcontainers\jdbc\1.19.8\jdbc-1.19.8.jar;C:\Users\dead1\.m2\repository\org\testcontainers\database-commons\1.19.8\database-commons-1.19.8.jar;"/>
    <property name="java.vm.vendor" value="Eclipse Adoptium"/>
    <property name="sun.arch.data.model" value="64"/>
    <property name="user.variant" value=""/>
    <property name="java.vendor.url" value="https://adoptium.net/"/>
    <property name="catalina.useNaming" value="false"/>
    <property name="user.timezone" value="Europe/Moscow"/>
    <property name="org.jboss.logging.provider" value="slf4j"/>
    <property name="os.name" value="Windows 11"/>
    <property name="java.vm.specification.version" value="21"/>
    <property name="sun.java.launcher" value="SUN_STANDARD"/>
    <property name="user.country" value="RU"/>
    <property name="sun.boot.library.path" value="C:\Users\dead1\.jdks\temurin-21.0.4\bin"/>
    <property name="sun.java.command" value="C:\Users\dead1\AppData\Local\Temp\surefire4573051554491694853\surefirebooter-20241126192655001_3.jar C:\Users\dead1\AppData\Local\Temp\surefire4573051554491694853 2024-11-26T19-26-54_809-jvmRun1 surefire-20241126192655001_1tmp surefire_0-20241126192655001_2tmp"/>
    <property name="jdk.debug" value="release"/>
    <property name="surefire.test.class.path" value="C:\Users\dead1\IdeaProjects\online_store\store\target\test-classes;C:\Users\dead1\IdeaProjects\online_store\store\target\classes;C:\Users\dead1\.m2\repository\org\springframework\boot\spring-boot-starter-data-jpa\3.3.4\spring-boot-starter-data-jpa-3.3.4.jar;C:\Users\dead1\.m2\repository\org\springframework\boot\spring-boot-starter-aop\3.3.4\spring-boot-starter-aop-3.3.4.jar;C:\Users\dead1\.m2\repository\org\springframework\spring-aop\6.1.13\spring-aop-6.1.13.jar;C:\Users\dead1\.m2\repository\org\aspectj\aspectjweaver\1.9.22.1\aspectjweaver-1.9.22.1.jar;C:\Users\dead1\.m2\repository\org\springframework\boot\spring-boot-starter-jdbc\3.3.4\spring-boot-starter-jdbc-3.3.4.jar;C:\Users\dead1\.m2\repository\com\zaxxer\HikariCP\5.1.0\HikariCP-5.1.0.jar;C:\Users\dead1\.m2\repository\org\springframework\spring-jdbc\6.1.13\spring-jdbc-6.1.13.jar;C:\Users\dead1\.m2\repository\org\hibernate\orm\hibernate-core\6.5.3.Final\hibernate-core-6.5.3.Final.jar;C:\Users\dead1\.m2\repository\jakarta\persistence\jakarta.persistence-api\3.1.0\jakarta.persistence-api-3.1.0.jar;C:\Users\dead1\.m2\repository\jakarta\transaction\jakarta.transaction-api\2.0.1\jakarta.transaction-api-2.0.1.jar;C:\Users\dead1\.m2\repository\org\jboss\logging\jboss-logging\3.5.3.Final\jboss-logging-3.5.3.Final.jar;C:\Users\dead1\.m2\repository\org\hibernate\common\hibernate-commons-annotations\6.0.6.Final\hibernate-commons-annotations-6.0.6.Final.jar;C:\Users\dead1\.m2\repository\io\smallrye\jandex\3.1.2\jandex-3.1.2.jar;C:\Users\dead1\.m2\repository\com\fasterxml\classmate\1.7.0\classmate-1.7.0.jar;C:\Users\dead1\.m2\repository\net\bytebuddy\byte-buddy\1.14.19\byte-buddy-1.14.19.jar;C:\Users\dead1\.m2\repository\org\glassfish\jaxb\jaxb-runtime\4.0.5\jaxb-runtime-4.0.5.jar;C:\Users\dead1\.m2\repository\org\glassfish\jaxb\jaxb-core\4.0.5\jaxb-core-4.0.5.jar;C:\Users\dead1\.m2\repository\org\eclipse\angus\angus-activation\2.0.2\angus-activation-2.0.2.jar;C:\Users\dead1\.m2\repository\org\glassfish\jaxb\txw2\4.0.5\txw2-4.0.5.jar;C:\Users\dead1\.m2\repository\com\sun\istack\istack-commons-runtime\4.1.2\istack-commons-runtime-4.1.2.jar;C:\Users\dead1\.m2\repository\jakarta\inject\jakarta.inject-api\2.0.1\jakarta.inject-api-2.0.1.jar;C:\Users\dead1\.m2\repository\org\antlr\antlr4-runtime\4.13.0\antlr4-runtime-4.13.0.jar;C:\Users\dead1\.m2\repository\org\springframework\data\spring-data-jpa\3.3.4\spring-data-jpa-3.3.4.jar;C:\Users\dead1\.m2\repository\org\springframework\data\spring-data-commons\3.3.4\spring-data-commons-3.3.4.jar;C:\Users\dead1\.m2\repository\org\springframework\spring-orm\6.1.13\spring-orm-6.1.13.jar;C:\Users\dead1\.m2\repository\org\springframework\spring-beans\6.1.13\spring-beans-6.1.13.jar;C:\Users\dead1\.m2\repository\jakarta\annotation\jakarta.annotation-api\2.1.1\jakarta.annotation-api-2.1.1.jar;C:\Users\dead1\.m2\repository\org\slf4j\slf4j-api\2.0.16\slf4j-api-2.0.16.jar;C:\Users\dead1\.m2\repository\org\springframework\spring-aspects\6.1.13\spring-aspects-6.1.13.jar;C:\Users\dead1\.m2\repository\org\springframework\boot\spring-boot-starter-validation\3.3.4\spring-boot-starter-validation-3.3.4.jar;C:\Users\dead1\.m2\repository\org\springframework\boot\spring-boot-starter\3.3.4\spring-boot-starter-3.3.4.jar;C:\Users\dead1\.m2\repository\org\springframework\boot\spring-boot-starter-logging\3.3.4\spring-boot-starter-logging-3.3.4.jar;C:\Users\dead1\.m2\repository\org\apache\logging\log4j\log4j-to-slf4j\2.23.1\log4j-to-slf4j-2.23.1.jar;C:\Users\dead1\.m2\repository\org\apache\logging\log4j\log4j-api\2.23.1\log4j-api-2.23.1.jar;C:\Users\dead1\.m2\repository\org\slf4j\jul-to-slf4j\2.0.16\jul-to-slf4j-2.0.16.jar;C:\Users\dead1\.m2\repository\org\apache\tomcat\embed\tomcat-embed-el\10.1.30\tomcat-embed-el-10.1.30.jar;C:\Users\dead1\.m2\repository\org\hibernate\validator\hibernate-validator\8.0.1.Final\hibernate-validator-8.0.1.Final.jar;C:\Users\dead1\.m2\repository\jakarta\validation\jakarta.validation-api\3.0.2\jakarta.validation-api-3.0.2.jar;C:\Users\dead1\.m2\repository\org\springframework\boot\spring-boot-starter-web\3.3.4\spring-boot-starter-web-3.3.4.jar;C:\Users\dead1\.m2\repository\org\springframework\boot\spring-boot-starter-json\3.3.4\spring-boot-starter-json-3.3.4.jar;C:\Users\dead1\.m2\repository\com\fasterxml\jackson\core\jackson-databind\2.17.2\jackson-databind-2.17.2.jar;C:\Users\dead1\.m2\repository\com\fasterxml\jackson\core\jackson-annotations\2.17.2\jackson-annotations-2.17.2.jar;C:\Users\dead1\.m2\repository\com\fasterxml\jackson\core\jackson-core\2.17.2\jackson-core-2.17.2.jar;C:\Users\dead1\.m2\repository\com\fasterxml\jackson\datatype\jackson-datatype-jdk8\2.17.2\jackson-datatype-jdk8-2.17.2.jar;C:\Users\dead1\.m2\repository\com\fasterxml\jackson\datatype\jackson-datatype-jsr310\2.17.2\jackson-datatype-jsr310-2.17.2.jar;C:\Users\dead1\.m2\repository\com\fasterxml\jackson\module\jackson-module-parameter-names\2.17.2\jackson-module-parameter-names-2.17.2.jar;C:\Users\dead1\.m2\repository\org\springframework\boot\spring-boot-starter-tomcat\3.3.4\spring-boot-starter-tomcat-3.3.4.jar;C:\Users\dead1\.m2\repository\org\apache\tomcat\embed\tomcat-embed-core\10.1.30\tomcat-embed-core-10.1.30.jar;C:\Users\dead1\.m2\repository\org\apache\tomcat\embed\tomcat-embed-websocket\10.1.30\tomcat-embed-websocket-10.1.30.jar;C:\Users\dead1\.m2\repository\org\springframework\spring-web\6.1.13\spring-web-6.1.13.jar;C:\Users\dead1\.m2\repository\org\springframework\spring-webmvc\6.1.13\spring-webmvc-6.1.13.jar;C:\Users\dead1\.m2\repository\org\springframework\spring-expression\6.1.13\spring-expression-6.1.13.jar;C:\Users\dead1\.m2\repository\org\springframework\kafka\spring-kafka\3.2.4\spring-kafka-3.2.4.jar;C:\Users\dead1\.m2\repository\org\springframework\spring-context\6.1.13\spring-context-6.1.13.jar;C:\Users\dead1\.m2\repository\org\springframework\spring-messaging\6.1.13\spring-messaging-6.1.13.jar;C:\Users\dead1\.m2\repository\org\springframework\spring-tx\6.1.13\spring-tx-6.1.13.jar;C:\Users\dead1\.m2\repository\org\springframework\retry\spring-retry\2.0.9\spring-retry-2.0.9.jar;C:\Users\dead1\.m2\repository\org\apache\kafka\kafka-clients\3.7.1\kafka-clients-3.7.1.jar;C:\Users\dead1\.m2\repository\com\github\luben\zstd-jni\1.5.6-3\zstd-jni-1.5.6-3.jar;C:\Users\dead1\.m2\repository\org\lz4\lz4-java\1.8.0\lz4-java-1.8.0.jar;C:\Users\dead1\.m2\repository\org\xerial\snappy\snappy-java\1.1.10.5\snappy-java-1.1.10.5.jar;C:\Users\dead1\.m2\repository\io\micrometer\micrometer-observation\1.13.4\micrometer-observation-1.13.4.jar;C:\Users\dead1\.m2\repository\io\micrometer\micrometer-commons\1.13.4\micrometer-commons-1.13.4.jar;C:\Users\dead1\.m2\repository\org\postgresql\postgresql\42.7.4\postgresql-42.7.4.jar;C:\Users\dead1\.m2\repository\org\checkerframework\checker-qual\3.42.0\checker-qual-3.42.0.jar;C:\Users\dead1\.m2\repository\org\liquibase\liquibase-core\4.27.0\liquibase-core-4.27.0.jar;C:\Users\dead1\.m2\repository\com\opencsv\opencsv\5.9\opencsv-5.9.jar;C:\Users\dead1\.m2\repository\org\apache\commons\commons-text\1.11.0\commons-text-1.11.0.jar;C:\Users\dead1\.m2\repository\org\apache\commons\commons-collections4\4.4\commons-collections4-4.4.jar;C:\Users\dead1\.m2\repository\org\yaml\snakeyaml\2.2\snakeyaml-2.2.jar;C:\Users\dead1\.m2\repository\javax\xml\bind\jaxb-api\2.3.1\jaxb-api-2.3.1.jar;C:\Users\dead1\.m2\repository\org\apache\commons\commons-lang3\3.14.0\commons-lang3-3.14.0.jar;C:\Users\dead1\.m2\repository\org\projectlombok\lombok\1.18.34\lombok-1.18.34.jar;C:\Users\dead1\.m2\repository\org\springframework\boot\spring-boot-starter-test\3.3.4\spring-boot-starter-test-3.3.4.jar;C:\Users\dead1\.m2\repository\org\springframework\boot\spring-boot-test\3.3.4\spring-boot-test-3.3.4.jar;C:\Users\dead1\.m2\repository\org\springframework\boot\spring-boot-test-autoconfigure\3.3.4\spring-boot-test-autoconfigure-3.3.4.jar;C:\Users\dead1\.m2\repository\com\jayway\jsonpath\json-path\2.9.0\json-path-2.9.0.jar;C:\Users\dead1\.m2\repository\jakarta\xml\bind\jakarta.xml.bind-api\4.0.2\jakarta.xml.bind-api-4.0.2.jar;C:\Users\dead1\.m2\repository\jakarta\activation\jakarta.activation-api\2.1.3\jakarta.activation-api-2.1.3.jar;C:\Users\dead1\.m2\repository\net\minidev\json-smart\2.5.1\json-smart-2.5.1.jar;C:\Users\dead1\.m2\repository\net\minidev\accessors-smart\2.5.1\accessors-smart-2.5.1.jar;C:\Users\dead1\.m2\repository\org\ow2\asm\asm\9.6\asm-9.6.jar;C:\Users\dead1\.m2\repository\org\assertj\assertj-core\3.25.3\assertj-core-3.25.3.jar;C:\Users\dead1\.m2\repository\org\awaitility\awaitility\4.2.2\awaitility-4.2.2.jar;C:\Users\dead1\.m2\repository\org\hamcrest\hamcrest\2.2\hamcrest-2.2.jar;C:\Users\dead1\.m2\repository\org\junit\jupiter\junit-jupiter\5.10.3\junit-jupiter-5.10.3.jar;C:\Users\dead1\.m2\repository\org\junit\jupiter\junit-jupiter-params\5.10.3\junit-jupiter-params-5.10.3.jar;C:\Users\dead1\.m2\repository\org\junit\jupiter\junit-jupiter-engine\5.10.3\junit-jupiter-engine-5.10.3.jar;C:\Users\dead1\.m2\repository\org\mockito\mockito-core\5.11.0\mockito-core-5.11.0.jar;C:\Users\dead1\.m2\repository\net\bytebuddy\byte-buddy-agent\1.14.19\byte-buddy-agent-1.14.19.jar;C:\Users\dead1\.m2\repository\org\objenesis\objenesis\3.3\objenesis-3.3.jar;C:\Users\dead1\.m2\repository\org\mockito\mockito-junit-jupiter\5.11.0\mockito-junit-jupiter-5.11.0.jar;C:\Users\dead1\.m2\repository\org\skyscreamer\jsonassert\1.5.3\jsonassert-1.5.3.jar;C:\Users\dead1\.m2\repository\com\vaadin\external\google\android-json\0.0.20131108.vaadin1\android-json-0.0.20131108.vaadin1.jar;C:\Users\dead1\.m2\repository\org\springframework\spring-core\6.1.13\spring-core-6.1.13.jar;C:\Users\dead1\.m2\repository\org\springframework\spring-jcl\6.1.13\spring-jcl-6.1.13.jar;C:\Users\dead1\.m2\repository\org\springframework\spring-test\6.1.13\spring-test-6.1.13.jar;C:\Users\dead1\.m2\repository\org\xmlunit\xmlunit-core\2.9.1\xmlunit-core-2.9.1.jar;C:\Users\dead1\.m2\repository\org\springframework\kafka\spring-kafka-test\3.2.4\spring-kafka-test-3.2.4.jar;C:\Users\dead1\.m2\repository\org\apache\zookeeper\zookeeper\3.8.4\zookeeper-3.8.4.jar;C:\Users\dead1\.m2\repository\org\apache\zookeeper\zookeeper-jute\3.8.4\zookeeper-jute-3.8.4.jar;C:\Users\dead1\.m2\repository\org\apache\yetus\audience-annotations\0.12.0\audience-annotations-0.12.0.jar;C:\Users\dead1\.m2\repository\io\netty\netty-handler\4.1.113.Final\netty-handler-4.1.113.Final.jar;C:\Users\dead1\.m2\repository\io\netty\netty-common\4.1.113.Final\netty-common-4.1.113.Final.jar;C:\Users\dead1\.m2\repository\io\netty\netty-resolver\4.1.113.Final\netty-resolver-4.1.113.Final.jar;C:\Users\dead1\.m2\repository\io\netty\netty-buffer\4.1.113.Final\netty-buffer-4.1.113.Final.jar;C:\Users\dead1\.m2\repository\io\netty\netty-transport\4.1.113.Final\netty-transport-4.1.113.Final.jar;C:\Users\dead1\.m2\repository\io\netty\netty-transport-native-unix-common\4.1.113.Final\netty-transport-native-unix-common-4.1.113.Final.jar;C:\Users\dead1\.m2\repository\io\netty\netty-codec\4.1.113.Final\netty-codec-4.1.113.Final.jar;C:\Users\dead1\.m2\repository\io\netty\netty-transport-native-epoll\4.1.113.Final\netty-transport-native-epoll-4.1.113.Final.jar;C:\Users\dead1\.m2\repository\io\netty\netty-transport-classes-epoll\4.1.113.Final\netty-transport-classes-epoll-4.1.113.Final.jar;C:\Users\dead1\.m2\repository\ch\qos\logback\logback-core\1.5.8\logback-core-1.5.8.jar;C:\Users\dead1\.m2\repository\ch\qos\logback\logback-classic\1.5.8\logback-classic-1.5.8.jar;C:\Users\dead1\.m2\repository\commons-io\commons-io\2.11.0\commons-io-2.11.0.jar;C:\Users\dead1\.m2\repository\org\apache\kafka\kafka-clients\3.7.1\kafka-clients-3.7.1-test.jar;C:\Users\dead1\.m2\repository\org\apache\kafka\kafka-metadata\3.7.1\kafka-metadata-3.7.1.jar;C:\Users\dead1\.m2\repository\org\apache\kafka\kafka-raft\3.7.1\kafka-raft-3.7.1.jar;C:\Users\dead1\.m2\repository\com\yammer\metrics\metrics-core\2.2.0\metrics-core-2.2.0.jar;C:\Users\dead1\.m2\repository\org\apache\kafka\kafka-server-common\3.7.1\kafka-server-common-3.7.1.jar;C:\Users\dead1\.m2\repository\net\sf\jopt-simple\jopt-simple\5.0.4\jopt-simple-5.0.4.jar;C:\Users\dead1\.m2\repository\org\pcollections\pcollections\4.0.1\pcollections-4.0.1.jar;C:\Users\dead1\.m2\repository\org\apache\kafka\kafka-server-common\3.7.1\kafka-server-common-3.7.1-test.jar;C:\Users\dead1\.m2\repository\org\apache\kafka\kafka-streams-test-utils\3.7.1\kafka-streams-test-utils-3.7.1.jar;C:\Users\dead1\.m2\repository\org\apache\kafka\kafka-streams\3.7.1\kafka-streams-3.7.1.jar;C:\Users\dead1\.m2\repository\org\rocksdb\rocksdbjni\7.9.2\rocksdbjni-7.9.2.jar;C:\Users\dead1\.m2\repository\org\apache\kafka\kafka_2.13\3.7.1\kafka_2.13-3.7.1.jar;C:\Users\dead1\.m2\repository\org\scala-lang\scala-library\2.13.12\scala-library-2.13.12.jar;C:\Users\dead1\.m2\repository\org\apache\kafka\kafka-group-coordinator\3.7.1\kafka-group-coordinator-3.7.1.jar;C:\Users\dead1\.m2\repository\org\apache\kafka\kafka-storage-api\3.7.1\kafka-storage-api-3.7.1.jar;C:\Users\dead1\.m2\repository\org\apache\kafka\kafka-tools-api\3.7.1\kafka-tools-api-3.7.1.jar;C:\Users\dead1\.m2\repository\org\apache\kafka\kafka-storage\3.7.1\kafka-storage-3.7.1.jar;C:\Users\dead1\.m2\repository\com\github\ben-manes\caffeine\caffeine\3.1.8\caffeine-3.1.8.jar;C:\Users\dead1\.m2\repository\com\google\errorprone\error_prone_annotations\2.21.1\error_prone_annotations-2.21.1.jar;C:\Users\dead1\.m2\repository\org\apache\kafka\kafka-server\3.7.1\kafka-server-3.7.1.jar;C:\Users\dead1\.m2\repository\net\sourceforge\argparse4j\argparse4j\0.7.0\argparse4j-0.7.0.jar;C:\Users\dead1\.m2\repository\commons-validator\commons-validator\1.7\commons-validator-1.7.jar;C:\Users\dead1\.m2\repository\commons-beanutils\commons-beanutils\1.9.4\commons-beanutils-1.9.4.jar;C:\Users\dead1\.m2\repository\commons-digester\commons-digester\2.1\commons-digester-2.1.jar;C:\Users\dead1\.m2\repository\commons-collections\commons-collections\3.2.2\commons-collections-3.2.2.jar;C:\Users\dead1\.m2\repository\com\fasterxml\jackson\module\jackson-module-scala_2.13\2.17.2\jackson-module-scala_2.13-2.17.2.jar;C:\Users\dead1\.m2\repository\com\thoughtworks\paranamer\paranamer\2.8\paranamer-2.8.jar;C:\Users\dead1\.m2\repository\com\fasterxml\jackson\dataformat\jackson-dataformat-csv\2.17.2\jackson-dataformat-csv-2.17.2.jar;C:\Users\dead1\.m2\repository\org\bitbucket\b_c\jose4j\0.9.4\jose4j-0.9.4.jar;C:\Users\dead1\.m2\repository\org\scala-lang\modules\scala-collection-compat_2.13\2.10.0\scala-collection-compat_2.13-2.10.0.jar;C:\Users\dead1\.m2\repository\org\scala-lang\modules\scala-java8-compat_2.13\1.0.2\scala-java8-compat_2.13-1.0.2.jar;C:\Users\dead1\.m2\repository\org\scala-lang\scala-reflect\2.13.12\scala-reflect-2.13.12.jar;C:\Users\dead1\.m2\repository\com\typesafe\scala-logging\scala-logging_2.13\3.9.4\scala-logging_2.13-3.9.4.jar;C:\Users\dead1\.m2\repository\io\dropwizard\metrics\metrics-core\4.1.12.1\metrics-core-4.1.12.1.jar;C:\Users\dead1\.m2\repository\commons-cli\commons-cli\1.4\commons-cli-1.4.jar;C:\Users\dead1\.m2\repository\org\apache\kafka\kafka_2.13\3.7.1\kafka_2.13-3.7.1-test.jar;C:\Users\dead1\.m2\repository\org\junit\jupiter\junit-jupiter-api\5.10.3\junit-jupiter-api-5.10.3.jar;C:\Users\dead1\.m2\repository\org\opentest4j\opentest4j\1.3.0\opentest4j-1.3.0.jar;C:\Users\dead1\.m2\repository\org\junit\platform\junit-platform-commons\1.10.3\junit-platform-commons-1.10.3.jar;C:\Users\dead1\.m2\repository\org\apiguardian\apiguardian-api\1.1.2\apiguardian-api-1.1.2.jar;C:\Users\dead1\.m2\repository\org\junit\platform\junit-platform-launcher\1.10.3\junit-platform-launcher-1.10.3.jar;C:\Users\dead1\.m2\repository\org\junit\platform\junit-platform-engine\1.10.3\junit-platform-engine-1.10.3.jar;C:\Users\dead1\.m2\repository\org\springframework\boot\spring-boot-devtools\3.3.4\spring-boot-devtools-3.3.4.jar;C:\Users\dead1\.m2\repository\org\springframework\boot\spring-boot\3.3.4\spring-boot-3.3.4.jar;C:\Users\dead1\.m2\repository\org\springframework\boot\spring-boot-autoconfigure\3.3.4\spring-boot-autoconfigure-3.3.4.jar;C:\Users\dead1\.m2\repository\org\testcontainers\junit-jupiter\1.19.8\junit-jupiter-1.19.8.jar;C:\Users\dead1\.m2\repository\org\testcontainers\testcontainers\1.19.8\testcontainers-1.19.8.jar;C:\Users\dead1\.m2\repository\junit\junit\4.13.2\junit-4.13.2.jar;C:\Users\dead1\.m2\repository\org\hamcrest\hamcrest-core\2.2\hamcrest-core-2.2.jar;C:\Users\dead1\.m2\repository\org\apache\commons\commons-compress\1.24.0\commons-compress-1.24.0.jar;C:\Users\dead1\.m2\repository\org\rnorth\duct-tape\duct-tape\1.0.8\duct-tape-1.0.8.jar;C:\Users\dead1\.m2\repository\org\jetbrains\annotations\17.0.0\annotations-17.0.0.jar;C:\Users\dead1\.m2\repository\com\github\docker-java\docker-java-api\3.3.6\docker-java-api-3.3.6.jar;C:\Users\dead1\.m2\repository\com\github\docker-java\docker-java-transport-zerodep\3.3.6\docker-java-transport-zerodep-3.3.6.jar;C:\Users\dead1\.m2\repository\com\github\docker-java\docker-java-transport\3.3.6\docker-java-transport-3.3.6.jar;C:\Users\dead1\.m2\repository\net\java\dev\jna\jna\5.13.0\jna-5.13.0.jar;C:\Users\dead1\.m2\repository\org\springframework\boot\spring-boot-testcontainers\3.3.4\spring-boot-testcontainers-3.3.4.jar;C:\Users\dead1\.m2\repository\org\testcontainers\postgresql\1.19.8\postgresql-1.19.8.jar;C:\Users\dead1\.m2\repository\org\testcontainers\jdbc\1.19.8\jdbc-1.19.8.jar;C:\Users\dead1\.m2\repository\org\testcontainers\database-commons\1.19.8\database-commons-1.19.8.jar;"/>
    <property name="sun.cpu.endian" value="little"/>
    <property name="user.home" value="C:\Users\dead1"/>
    <property name="user.language" value="ru"/>
    <property name="java.specification.vendor" value="Oracle Corporation"/>
    <property name="java.version.date" value="2024-07-16"/>
    <property name="java.home" value="C:\Users\dead1\.jdks\temurin-21.0.4"/>
    <property name="file.separator" value="\"/>
    <property name="basedir" value="C:\Users\dead1\IdeaProjects\online_store\store"/>
    <property name="java.vm.compressedOopsMode" value="Zero based"/>
    <property name="line.separator" value="&#10;"/>
    <property name="java.vm.specification.vendor" value="Oracle Corporation"/>
    <property name="java.specification.name" value="Java Platform API Specification"/>
    <property name="FILE_LOG_CHARSET" value="UTF-8"/>
    <property name="java.awt.headless" value="true"/>
    <property name="surefire.real.class.path" value="C:\Users\dead1\AppData\Local\Temp\surefire4573051554491694853\surefirebooter-20241126192655001_3.jar"/>
    <property name="user.script" value=""/>
    <property name="sun.management.compiler" value="HotSpot 64-Bit Tiered Compilers"/>
    <property name="java.runtime.version" value="21.0.4+7-LTS"/>
    <property name="user.name" value="dead1"/>
    <property name="stdout.encoding" value="Cp1251"/>
    <property name="path.separator" value=";"/>
    <property name="os.version" value="10.0"/>
    <property name="java.runtime.name" value="OpenJDK Runtime Environment"/>
    <property name="file.encoding" value="UTF-8"/>
    <property name="java.vm.name" value="OpenJDK 64-Bit Server VM"/>
    <property name="java.vendor.version" value="Temurin-21.0.4+7"/>
    <property name="localRepository" value="C:\Users\dead1\.m2\repository"/>
    <property name="java.vendor.url.bug" value="https://github.com/adoptium/adoptium-support/issues"/>
    <property name="java.io.tmpdir" value="C:\Users\dead1\AppData\Local\Temp\"/>
    <property name="idea.version" value="2024.1.2"/>
    <property name="catalina.home" value="C:\Users\dead1\AppData\Local\Temp\tomcat.0.18022100744016212494"/>
    <property name="com.zaxxer.hikari.pool_number" value="2"/>
    <property name="java.version" value="21.0.4"/>
    <property name="user.dir" value="C:\Users\dead1\IdeaProjects\online_store\store"/>
    <property name="os.arch" value="amd64"/>
    <property name="java.vm.specification.name" value="Java Virtual Machine Specification"/>
    <property name="PID" value="28752"/>
    <property name="sun.os.patch.level" value=""/>
    <property name="CONSOLE_LOG_CHARSET" value="UTF-8"/>
    <property name="catalina.base" value="C:\Users\dead1\AppData\Local\Temp\tomcat.0.2623331842994265057"/>
    <property name="native.encoding" value="Cp1251"/>
    <property name="java.library.path" value="C:\Users\dead1\.jdks\temurin-21.0.4\bin;C:\Windows\Sun\Java\bin;C:\Windows\system32;C:\Windows;C:\Program Files\Common Files\Oracle\Java\javapath;C:\Windows\system32;C:\Windows;C:\Windows\System32\Wbem;C:\Windows\System32\WindowsPowerShell\v1.0\;C:\Windows\System32\OpenSSH\;C:\Program Files\WireGuard\;C:\Program Files\dotnet\;C:\Program Files (x86)\NVIDIA Corporation\PhysX\Common;C:\Program Files\Docker\Docker\resources\bin;C:\Program Files\Git\cmd;C:\Program Files\PostgreSQL\16\bin;;C:\Program Files\NVIDIA Corporation\NVIDIA app\NvDLISR;C:\Program Files\MySQL\MySQL Shell 8.0\bin\;C:\Users\dead1\AppData\Local\Microsoft\WindowsApps;C:\Users\dead1\AppData\Local\JetBrains\Toolbox\scripts;C:\Users\dead1\AppData\Local\Programs\Microsoft VS Code\bin;C:\Users\dead1\.jdks\temurin-17.0.10\bin;C:\Users\dead1\apache-maven-3.9.6\bin;C:\Program Files\PostgreSQL\16\bin;;."/>
    <property name="java.vm.info" value="mixed mode, sharing"/>
    <property name="stderr.encoding" value="Cp1251"/>
    <property name="java.vendor" value="Eclipse Adoptium"/>
    <property name="java.vm.version" value="21.0.4+7-LTS"/>
    <property name="sun.io.unicode.encoding" value="UnicodeLittle"/>
    <property name="java.class.version" value="65.0"/>
    <property name="LOGGED_APPLICATION_NAME" value="[online_store] "/>
  </properties>
  <testcase name="test_save" classname="com.example.order_management_system.service.CustomerServiceIntegrationTest" time="0.075">
    <system-out><![CDATA[2024-11-26T19:27:06.824+03:00  INFO 28752 --- [online_store] [           main] t.c.s.AnnotationConfigContextLoaderUtils : Could not detect default configuration classes for test class [com.example.order_management_system.service.CustomerServiceIntegrationTest]: CustomerServiceIntegrationTest does not declare any static, non-private, non-final, nested classes annotated with @Configuration.
2024-11-26T19:27:06.838+03:00  INFO 28752 --- [online_store] [           main] .b.t.c.SpringBootTestContextBootstrapper : Found @SpringBootConfiguration com.example.order_management_system.OrderManagementSystemApplication for test class com.example.order_management_system.service.CustomerServiceIntegrationTest
2024-11-26T19:27:06.839+03:00  INFO 28752 --- [online_store] [           main] tc.postgres:16                           : Creating container for image: postgres:16
2024-11-26T19:27:06.875+03:00  INFO 28752 --- [online_store] [           main] tc.postgres:16                           : Container postgres:16 is starting: 67a7ddeed05d8ce1ab7949eb5b7ceb9839138eb8beb396c3ba4849b08f279900
2024-11-26T19:27:07.993+03:00  INFO 28752 --- [online_store] [           main] tc.postgres:16                           : Container postgres:16 started in PT1.1532549S
2024-11-26T19:27:07.993+03:00  INFO 28752 --- [online_store] [           main] tc.postgres:16                           : Container is started (JDBC URL: jdbc:postgresql://localhost:65281/testdb?loggerLevel=OFF)
2024-11-26T19:27:07.995+03:00  INFO 28752 --- [online_store] [           main] o.s.b.d.r.RestartApplicationListener     : Restart disabled due to context in which it is running

  .   ____          _            __ _ _
 /\\ / ___'_ __ _ _(_)_ __  __ _ \ \ \ \
( ( )\___ | '_ | '_| | '_ \/ _` | \ \ \ \
 \\/  ___)| |_)| | | | | || (_| |  ) ) ) )
  '  |____| .__|_| |_|_| |_\__, | / / / /
 =========|_|==============|___/=/_/_/_/

 :: Spring Boot ::                (v3.3.4)

2024-11-26T19:27:08.014+03:00  INFO 28752 --- [online_store] [           main] c.e.o.s.CustomerServiceIntegrationTest   : Starting CustomerServiceIntegrationTest using Java 21.0.4 with PID 28752 (started by dead1 in C:\Users\dead1\IdeaProjects\online_store\store)
2024-11-26T19:27:08.015+03:00  INFO 28752 --- [online_store] [           main] c.e.o.s.CustomerServiceIntegrationTest   : The following 1 profile is active: "secrets"
2024-11-26T19:27:08.112+03:00  INFO 28752 --- [online_store] [           main] .s.d.r.c.RepositoryConfigurationDelegate : Bootstrapping Spring Data JPA repositories in DEFAULT mode.
2024-11-26T19:27:08.126+03:00  INFO 28752 --- [online_store] [           main] .s.d.r.c.RepositoryConfigurationDelegate : Finished Spring Data repository scanning in 13 ms. Found 6 JPA repository interfaces.
2024-11-26T19:27:08.186+03:00  INFO 28752 --- [online_store] [           main] o.s.b.w.embedded.tomcat.TomcatWebServer  : Tomcat initialized with port 0 (http)
2024-11-26T19:27:08.187+03:00  INFO 28752 --- [online_store] [           main] o.apache.catalina.core.StandardService   : Starting service [Tomcat]
2024-11-26T19:27:08.187+03:00  INFO 28752 --- [online_store] [           main] o.apache.catalina.core.StandardEngine    : Starting Servlet engine: [Apache Tomcat/10.1.30]
2024-11-26T19:27:08.208+03:00  INFO 28752 --- [online_store] [           main] o.a.c.c.C.[Tomcat-1].[localhost].[/]     : Initializing Spring embedded WebApplicationContext
2024-11-26T19:27:08.208+03:00  INFO 28752 --- [online_store] [           main] w.s.c.ServletWebServerApplicationContext : Root WebApplicationContext: initialization completed in 192 ms
2024-11-26T19:27:08.225+03:00  INFO 28752 --- [online_store] [           main] com.zaxxer.hikari.HikariDataSource       : HikariPool-2 - Starting...
2024-11-26T19:27:08.236+03:00  INFO 28752 --- [online_store] [           main] com.zaxxer.hikari.pool.HikariPool        : HikariPool-2 - Added connection org.postgresql.jdbc.PgConnection@18a59ef8
2024-11-26T19:27:08.237+03:00  INFO 28752 --- [online_store] [           main] com.zaxxer.hikari.HikariDataSource       : HikariPool-2 - Start completed.
2024-11-26T19:27:08.242+03:00  INFO 28752 --- [online_store] [           main] liquibase.database                       : Set default schema name to public
2024-11-26T19:27:08.268+03:00  INFO 28752 --- [online_store] [           main] liquibase.changelog                      : Creating database history table with name: public.databasechangelog
2024-11-26T19:27:08.273+03:00  INFO 28752 --- [online_store] [           main] liquibase.changelog                      : Reading from public.databasechangelog
2024-11-26T19:27:08.303+03:00  INFO 28752 --- [online_store] [           main] liquibase.lockservice                    : Successfully acquired change log lock
2024-11-26T19:27:08.304+03:00  INFO 28752 --- [online_store] [           main] liquibase.command                        : Using deploymentId: 2638428304
2024-11-26T19:27:08.305+03:00  INFO 28752 --- [online_store] [           main] liquibase.changelog                      : Reading from public.databasechangelog
2024-11-26T19:27:08.317+03:00  INFO 28752 --- [online_store] [           main] liquibase.ui                             : Running Changeset: db/changelog/changeset/v1/create_table/create-table-customer.yaml::create table customer::Sergeev Roman
2024-11-26T19:27:08.330+03:00  INFO 28752 --- [online_store] [           main] liquibase.changelog                      : Table customer created
2024-11-26T19:27:08.331+03:00  INFO 28752 --- [online_store] [           main] liquibase.changelog                      : ChangeSet db/changelog/changeset/v1/create_table/create-table-customer.yaml::create table customer::Sergeev Roman ran successfully in 13ms
2024-11-26T19:27:08.336+03:00  INFO 28752 --- [online_store] [           main] liquibase.ui                             : Running Changeset: db/changelog/changeset/v1/create_table/create-table-product.yaml::create table product::Sergeev Roman
2024-11-26T19:27:08.353+03:00  INFO 28752 --- [online_store] [           main] liquibase.changelog                      : Table product created
2024-11-26T19:27:08.354+03:00  INFO 28752 --- [online_store] [           main] liquibase.changelog                      : ChangeSet db/changelog/changeset/v1/create_table/create-table-product.yaml::create table product::Sergeev Roman ran successfully in 18ms
2024-11-26T19:27:08.356+03:00  INFO 28752 --- [online_store] [           main] liquibase.ui                             : Running Changeset: db/changelog/changeset/v1/create_table/create-table-product.yaml::add constraint check price positive::Sergeev Roman
2024-11-26T19:27:08.359+03:00  INFO 28752 --- [online_store] [           main] liquibase.changelog                      : Custom SQL executed
2024-11-26T19:27:08.360+03:00  INFO 28752 --- [online_store] [           main] liquibase.changelog                      : ChangeSet db/changelog/changeset/v1/create_table/create-table-product.yaml::add constraint check price positive::Sergeev Roman ran successfully in 4ms
2024-11-26T19:27:08.362+03:00  INFO 28752 --- [online_store] [           main] liquibase.ui                             : Running Changeset: db/changelog/changeset/v1/create_table/create-table-orders.yaml::create table orders::Sergeev Roman
2024-11-26T19:27:08.371+03:00  INFO 28752 --- [online_store] [           main] liquibase.changelog                      : Table orders created
2024-11-26T19:27:08.373+03:00  INFO 28752 --- [online_store] [           main] liquibase.changelog                      : Foreign key constraint added to orders (customer_id)
2024-11-26T19:27:08.373+03:00  INFO 28752 --- [online_store] [           main] liquibase.changelog                      : ChangeSet db/changelog/changeset/v1/create_table/create-table-orders.yaml::create table orders::Sergeev Roman ran successfully in 11ms
2024-11-26T19:27:08.376+03:00  INFO 28752 --- [online_store] [           main] liquibase.ui                             : Running Changeset: db/changelog/changeset/v1/create_table/create-table-orders.yaml::add constraint check total_amount positive::Sergeev Roman
2024-11-26T19:27:08.378+03:00  INFO 28752 --- [online_store] [           main] liquibase.changelog                      : Custom SQL executed
2024-11-26T19:27:08.378+03:00  INFO 28752 --- [online_store] [           main] liquibase.changelog                      : ChangeSet db/changelog/changeset/v1/create_table/create-table-orders.yaml::add constraint check total_amount positive::Sergeev Roman ran successfully in 2ms
2024-11-26T19:27:08.381+03:00  INFO 28752 --- [online_store] [           main] liquibase.ui                             : Running Changeset: db/changelog/changeset/v1/create_table/create-table-order-item.yaml::create table order item::Sergeev Roman
2024-11-26T19:27:08.387+03:00  INFO 28752 --- [online_store] [           main] liquibase.changelog                      : Table order_item created
2024-11-26T19:27:08.388+03:00  INFO 28752 --- [online_store] [           main] liquibase.changelog                      : Foreign key constraint added to order_item (order_id)
2024-11-26T19:27:08.390+03:00  INFO 28752 --- [online_store] [           main] liquibase.changelog                      : Foreign key constraint added to order_item (product_id)
2024-11-26T19:27:08.391+03:00  INFO 28752 --- [online_store] [           main] liquibase.changelog                      : ChangeSet db/changelog/changeset/v1/create_table/create-table-order-item.yaml::create table order item::Sergeev Roman ran successfully in 10ms
2024-11-26T19:27:08.393+03:00  INFO 28752 --- [online_store] [           main] liquibase.ui                             : Running Changeset: db/changelog/changeset/v1/create_table/create-table-order-item.yaml::add constraint check quantity positive::Sergeev Roman
2024-11-26T19:27:08.395+03:00  INFO 28752 --- [online_store] [           main] liquibase.changelog                      : Custom SQL executed
2024-11-26T19:27:08.396+03:00  INFO 28752 --- [online_store] [           main] liquibase.changelog                      : ChangeSet db/changelog/changeset/v1/create_table/create-table-order-item.yaml::add constraint check quantity positive::Sergeev Roman ran successfully in 3ms
2024-11-26T19:27:08.398+03:00  INFO 28752 --- [online_store] [           main] liquibase.ui                             : Running Changeset: db/changelog/changeset/v1/create_table/create-table-order-item.yaml::add constraint check price positive::Sergeev Roman
2024-11-26T19:27:08.401+03:00  INFO 28752 --- [online_store] [           main] liquibase.changelog                      : Custom SQL executed
2024-11-26T19:27:08.401+03:00  INFO 28752 --- [online_store] [           main] liquibase.changelog                      : ChangeSet db/changelog/changeset/v1/create_table/create-table-order-item.yaml::add constraint check price positive::Sergeev Roman ran successfully in 3ms
2024-11-26T19:27:08.405+03:00  INFO 28752 --- [online_store] [           main] liquibase.ui                             : Running Changeset: db/changelog/changeset/v1/create_table/create-table-payment.yaml::create table payment::Sergeev Roman
2024-11-26T19:27:08.414+03:00  INFO 28752 --- [online_store] [           main] liquibase.changelog                      : Table payment created
2024-11-26T19:27:08.416+03:00  INFO 28752 --- [online_store] [           main] liquibase.changelog                      : Foreign key constraint added to payment (order_id)
2024-11-26T19:27:08.417+03:00  INFO 28752 --- [online_store] [           main] liquibase.changelog                      : ChangeSet db/changelog/changeset/v1/create_table/create-table-payment.yaml::create table payment::Sergeev Roman ran successfully in 12ms
2024-11-26T19:27:08.419+03:00  INFO 28752 --- [online_store] [           main] liquibase.ui                             : Running Changeset: db/changelog/changeset/v1/create_table/create-table-payment.yaml::add constraint check amount positive::Sergeev Roman
2024-11-26T19:27:08.421+03:00  INFO 28752 --- [online_store] [           main] liquibase.changelog                      : Custom SQL executed
2024-11-26T19:27:08.422+03:00  INFO 28752 --- [online_store] [           main] liquibase.changelog                      : ChangeSet db/changelog/changeset/v1/create_table/create-table-payment.yaml::add constraint check amount positive::Sergeev Roman ran successfully in 3ms
2024-11-26T19:27:08.425+03:00  INFO 28752 --- [online_store] [           main] liquibase.ui                             : Running Changeset: db/changelog/changeset/v1/create_table/create-table-shipping.yaml::create table shipping::Sergeev Roman
2024-11-26T19:27:08.435+03:00  INFO 28752 --- [online_store] [           main] liquibase.changelog                      : Table shipping created
2024-11-26T19:27:08.437+03:00  INFO 28752 --- [online_store] [           main] liquibase.changelog                      : Foreign key constraint added to shipping (order_id)
2024-11-26T19:27:08.438+03:00  INFO 28752 --- [online_store] [           main] liquibase.changelog                      : ChangeSet db/changelog/changeset/v1/create_table/create-table-shipping.yaml::create table shipping::Sergeev Roman ran successfully in 13ms
2024-11-26T19:27:08.441+03:00  INFO 28752 --- [online_store] [           main] liquibase.ui                             : Running Changeset: db/changelog/changeset/v1/create_table/create-table-shopping-cart.yaml::create table shopping_cart::Sergeev Roman
2024-11-26T19:27:08.448+03:00  INFO 28752 --- [online_store] [           main] liquibase.changelog                      : Table shopping_cart created
2024-11-26T19:27:08.450+03:00  INFO 28752 --- [online_store] [           main] liquibase.changelog                      : Foreign key constraint added to shopping_cart (customer_id)
2024-11-26T19:27:08.451+03:00  INFO 28752 --- [online_store] [           main] liquibase.changelog                      : Foreign key constraint added to shopping_cart (product_id)
2024-11-26T19:27:08.452+03:00  INFO 28752 --- [online_store] [           main] liquibase.changelog                      : ChangeSet db/changelog/changeset/v1/create_table/create-table-shopping-cart.yaml::create table shopping_cart::Sergeev Roman ran successfully in 11ms
2024-11-26T19:27:08.455+03:00  INFO 28752 --- [online_store] [           main] liquibase.ui                             : Running Changeset: db/changelog/changeset/v1/added_constraints/product/v1/add-column-owner-id-for-product-table.yaml::addColumnForTableProduct::Sergeev Roman
2024-11-26T19:27:08.459+03:00  INFO 28752 --- [online_store] [           main] liquibase.changelog                      : Columns owner_id(bigint) added to product
2024-11-26T19:27:08.460+03:00  INFO 28752 --- [online_store] [           main] liquibase.changelog                      : ChangeSet db/changelog/changeset/v1/added_constraints/product/v1/add-column-owner-id-for-product-table.yaml::addColumnForTableProduct::Sergeev Roman ran successfully in 5ms
2024-11-26T19:27:08.464+03:00  INFO 28752 --- [online_store] [           main] liquibase.ui                             : Running Changeset: db/changelog/changeset/v1/added_constraints/product/v1/add-foreign-key-constrains-for-product-table.yaml::addForeignKeyConstraint::Sergeev Roman
2024-11-26T19:27:08.468+03:00  INFO 28752 --- [online_store] [           main] liquibase.changelog                      : Foreign key constraint added to product (owner_id)
2024-11-26T19:27:08.469+03:00  INFO 28752 --- [online_store] [           main] liquibase.changelog                      : ChangeSet db/changelog/changeset/v1/added_constraints/product/v1/add-foreign-key-constrains-for-product-table.yaml::addForeignKeyConstraint::Sergeev Roman ran successfully in 5ms
2024-11-26T19:27:08.472+03:00  INFO 28752 --- [online_store] [           main] liquibase.ui                             : Running Changeset: db/changelog/changeset/v1/added_constraints/order/v1/add-column-additional-details-for-table-orders.yaml::add column additional details for table orders::Sergeev Roman
2024-11-26T19:27:08.476+03:00  INFO 28752 --- [online_store] [           main] liquibase.changelog                      : Columns additional_details(varchar(1000)) added to orders
2024-11-26T19:27:08.477+03:00  INFO 28752 --- [online_store] [           main] liquibase.changelog                      : ChangeSet db/changelog/changeset/v1/added_constraints/order/v1/add-column-additional-details-for-table-orders.yaml::add column additional details for table orders::Sergeev Roman ran successfully in 5ms
2024-11-26T19:27:08.480+03:00  INFO 28752 --- [online_store] [           main] liquibase.util                           : UPDATE SUMMARY
2024-11-26T19:27:08.480+03:00  INFO 28752 --- [online_store] [           main] liquibase.util                           : Run:                         15
2024-11-26T19:27:08.480+03:00  INFO 28752 --- [online_store] [           main] liquibase.util                           : Previously run:               0
2024-11-26T19:27:08.480+03:00  INFO 28752 --- [online_store] [           main] liquibase.util                           : Filtered out:                 0
2024-11-26T19:27:08.480+03:00  INFO 28752 --- [online_store] [           main] liquibase.util                           : -------------------------------
2024-11-26T19:27:08.480+03:00  INFO 28752 --- [online_store] [           main] liquibase.util                           : Total change sets:           15
2024-11-26T19:27:08.480+03:00  INFO 28752 --- [online_store] [           main] liquibase.util                           : Update summary generated
2024-11-26T19:27:08.480+03:00  INFO 28752 --- [online_store] [           main] liquibase.command                        : Update command completed successfully.
2024-11-26T19:27:08.480+03:00  INFO 28752 --- [online_store] [           main] liquibase.ui                             : Liquibase: Update has been successful. Rows affected: 15
2024-11-26T19:27:08.483+03:00  INFO 28752 --- [online_store] [           main] liquibase.lockservice                    : Successfully released change log lock
2024-11-26T19:27:08.483+03:00  INFO 28752 --- [online_store] [           main] liquibase.command                        : Command execution complete
2024-11-26T19:27:08.499+03:00  INFO 28752 --- [online_store] [           main] o.hibernate.jpa.internal.util.LogHelper  : HHH000204: Processing PersistenceUnitInfo [name: default]
2024-11-26T19:27:08.500+03:00  INFO 28752 --- [online_store] [           main] o.h.c.internal.RegionFactoryInitiator    : HHH000026: Second-level cache disabled
2024-11-26T19:27:08.506+03:00  INFO 28752 --- [online_store] [           main] o.s.o.j.p.SpringPersistenceUnitInfo      : No LoadTimeWeaver setup: ignoring JPA class transformer
2024-11-26T19:27:08.507+03:00  WARN 28752 --- [online_store] [           main] org.hibernate.orm.deprecation            : HHH90000025: PostgreSQLDialect does not need to be specified explicitly using 'hibernate.dialect' (remove the property setting and it will be selected by default)
2024-11-26T19:27:08.606+03:00  INFO 28752 --- [online_store] [           main] o.h.e.t.j.p.i.JtaPlatformInitiator       : HHH000489: No JTA platform available (set 'hibernate.transaction.jta.platform' to enable JTA platform integration)
2024-11-26T19:27:08.606+03:00  INFO 28752 --- [online_store] [           main] j.LocalContainerEntityManagerFactoryBean : Initialized JPA EntityManagerFactory for persistence unit 'default'
2024-11-26T19:27:08.659+03:00  WARN 28752 --- [online_store] [           main] JpaBaseConfiguration$JpaWebConfiguration : spring.jpa.open-in-view is enabled by default. Therefore, database queries may be performed during view rendering. Explicitly configure spring.jpa.open-in-view to disable this warning
2024-11-26T19:27:08.729+03:00  INFO 28752 --- [online_store] [           main] o.s.b.w.embedded.tomcat.TomcatWebServer  : Tomcat started on port 65295 (http) with context path '/'
2024-11-26T19:27:08.730+03:00  INFO 28752 --- [online_store] [           main] c.e.o.s.CustomerServiceIntegrationTest   : Started CustomerServiceIntegrationTest in 0.735 seconds (process running for 13.606)
Hibernate: select c1_0.id,c1_0.address,c1_0.email,c1_0.first_name,c1_0.last_name,c1_0.phone from customer c1_0
Hibernate: insert into customer (address,email,first_name,last_name,phone) values (?,?,?,?,?) returning id
Hibernate: select c1_0.id,c1_0.address,c1_0.email,c1_0.first_name,c1_0.last_name,c1_0.phone from customer c1_0 where c1_0.id=?
]]></system-out>
  </testcase>
  <testcase name="test_update" classname="com.example.order_management_system.service.CustomerServiceIntegrationTest" time="0.027">
    <system-out><![CDATA[Hibernate: select c1_0.id,c1_0.address,c1_0.email,c1_0.first_name,c1_0.last_name,c1_0.phone from customer c1_0
Hibernate: select ol1_0.customer_id,ol1_0.id,ol1_0.additional_details,ol1_0.created_at,s1_0.id,s1_0.carrier,s1_0.delivery_at,s1_0.shipped_at,s1_0.shipping_address,s1_0.status,s1_0.tracking_number,ol1_0.status,ol1_0.total_amount,ol1_0.updated_at from orders ol1_0 left join shipping s1_0 on ol1_0.id=s1_0.order_id where ol1_0.customer_id=?
Hibernate: select pl1_0.owner_id,pl1_0.id,pl1_0.description,pl1_0.item_name,pl1_0.price,pl1_0.quantity from product pl1_0 where pl1_0.owner_id=?
Hibernate: select sc1_0.customer_id,sc1_0.id,sc1_0.count,p1_0.id,p1_0.description,p1_0.item_name,op1_0.id,op1_0.address,op1_0.email,op1_0.first_name,op1_0.last_name,op1_0.phone,p1_0.price,p1_0.quantity from shopping_cart sc1_0 left join product p1_0 on p1_0.id=sc1_0.product_id left join customer op1_0 on op1_0.id=p1_0.owner_id where sc1_0.customer_id=?
Hibernate: delete from customer where id=?
Hibernate: insert into customer (address,email,first_name,last_name,phone) values (?,?,?,?,?) returning id
Hibernate: select c1_0.id,c1_0.address,c1_0.email,c1_0.first_name,c1_0.last_name,c1_0.phone from customer c1_0 where c1_0.id=?
Hibernate: update customer set address=?,email=?,first_name=?,last_name=?,phone=? where id=?
Hibernate: select c1_0.id,c1_0.address,c1_0.email,c1_0.first_name,c1_0.last_name,c1_0.phone from customer c1_0 where c1_0.id=?
]]></system-out>
  </testcase>
  <testcase name="testFindById" classname="com.example.order_management_system.service.CustomerServiceIntegrationTest" time="0.017">
    <system-out><![CDATA[Hibernate: select c1_0.id,c1_0.address,c1_0.email,c1_0.first_name,c1_0.last_name,c1_0.phone from customer c1_0
Hibernate: select ol1_0.customer_id,ol1_0.id,ol1_0.additional_details,ol1_0.created_at,s1_0.id,s1_0.carrier,s1_0.delivery_at,s1_0.shipped_at,s1_0.shipping_address,s1_0.status,s1_0.tracking_number,ol1_0.status,ol1_0.total_amount,ol1_0.updated_at from orders ol1_0 left join shipping s1_0 on ol1_0.id=s1_0.order_id where ol1_0.customer_id=?
Hibernate: select pl1_0.owner_id,pl1_0.id,pl1_0.description,pl1_0.item_name,pl1_0.price,pl1_0.quantity from product pl1_0 where pl1_0.owner_id=?
Hibernate: select sc1_0.customer_id,sc1_0.id,sc1_0.count,p1_0.id,p1_0.description,p1_0.item_name,op1_0.id,op1_0.address,op1_0.email,op1_0.first_name,op1_0.last_name,op1_0.phone,p1_0.price,p1_0.quantity from shopping_cart sc1_0 left join product p1_0 on p1_0.id=sc1_0.product_id left join customer op1_0 on op1_0.id=p1_0.owner_id where sc1_0.customer_id=?
Hibernate: delete from customer where id=?
Hibernate: insert into customer (address,email,first_name,last_name,phone) values (?,?,?,?,?) returning id
Hibernate: select c1_0.id,c1_0.address,c1_0.email,c1_0.first_name,c1_0.last_name,c1_0.phone from customer c1_0 where c1_0.id=?
]]></system-out>
  </testcase>
</testsuite>